

Started GET "/" for 127.0.0.1 at 2018-08-05 11:59:27 +0800
Processing by Rails::WelcomeController#index as HTML
  Rendered /usr/lib/ruby/vendor_ruby/rails/templates/rails/welcome/index.html.erb (1.1ms)
Completed 200 OK in 15ms (Views: 7.0ms | ActiveRecord: 0.0ms)


Started GET "/" for 127.0.0.1 at 2018-08-05 12:01:54 +0800
Processing by Rails::WelcomeController#index as HTML
  Rendered /usr/lib/ruby/vendor_ruby/rails/templates/rails/welcome/index.html.erb (1.2ms)
Completed 200 OK in 14ms (Views: 7.2ms | ActiveRecord: 0.0ms)


Started GET "/welcome/index" for 127.0.0.1 at 2018-08-05 12:02:15 +0800
Processing by WelcomeController#index as HTML
  Rendered welcome/index.html.erb within layouts/application (0.2ms)
Completed 200 OK in 1103ms (Views: 1102.3ms | ActiveRecord: 0.0ms)


Started GET "/assets/application.self-e80e8f2318043e8af94dddc2adad5a4f09739a8ebb323b3ab31cd71d45fd9113.css?body=1" for 127.0.0.1 at 2018-08-05 12:02:16 +0800


Started GET "/assets/jquery.self-bd7ddd393353a8d2480a622e80342adf488fb6006d667e8b42e4c0073393abee.js?body=1" for 127.0.0.1 at 2018-08-05 12:02:16 +0800


Started GET "/assets/turbolinks.self-2db6ec539b9190f75e1d477b305df53d12904d5cafdd47c7ffd91ba25cbec128.js?body=1" for 127.0.0.1 at 2018-08-05 12:02:16 +0800


Started GET "/assets/jquery_ujs.self-784a997f6726036b1993eb2217c9cb558e1cbb801c6da88105588c56f13b466a.js?body=1" for 127.0.0.1 at 2018-08-05 12:02:16 +0800


Started GET "/assets/welcome.self-877aef30ae1b040ab8a3aba4e3e309a11d7f2612f44dde450b5c157aa5f95c05.js?body=1" for 127.0.0.1 at 2018-08-05 12:02:16 +0800


Started GET "/assets/welcome.self-e3b0c44298fc1c149afbf4c8996fb92427ae41e4649b934ca495991b7852b855.css?body=1" for 127.0.0.1 at 2018-08-05 12:02:16 +0800


Started GET "/assets/application.self-3b8dabdc891efe46b9a144b400ad69e37d7e5876bdc39dee783419a69d7ca819.js?body=1" for 127.0.0.1 at 2018-08-05 12:02:16 +0800


Started GET "/app/views/welcome" for 127.0.0.1 at 2018-08-05 12:02:50 +0800

ActionController::RoutingError (No route matches [GET] "/app/views/welcome"):
  /usr/lib/ruby/vendor_ruby/action_dispatch/middleware/debug_exceptions.rb:21:in `call'
  web-console (2.3.0) lib/web_console/middleware.rb:28:in `block in call'
  web-console (2.3.0) lib/web_console/middleware.rb:18:in `catch'
  web-console (2.3.0) lib/web_console/middleware.rb:18:in `call'
  /usr/lib/ruby/vendor_ruby/action_dispatch/middleware/show_exceptions.rb:30:in `call'
  /usr/lib/ruby/vendor_ruby/rails/rack/logger.rb:38:in `call_app'
  /usr/lib/ruby/vendor_ruby/rails/rack/logger.rb:20:in `block in call'
  /usr/lib/ruby/vendor_ruby/active_support/tagged_logging.rb:68:in `block in tagged'
  /usr/lib/ruby/vendor_ruby/active_support/tagged_logging.rb:26:in `tagged'
  /usr/lib/ruby/vendor_ruby/active_support/tagged_logging.rb:68:in `tagged'
  /usr/lib/ruby/vendor_ruby/rails/rack/logger.rb:20:in `call'
  /usr/lib/ruby/vendor_ruby/action_dispatch/middleware/request_id.rb:21:in `call'
  rack (1.6.10) lib/rack/methodoverride.rb:22:in `call'
  rack (1.6.10) lib/rack/runtime.rb:18:in `call'
  /usr/lib/ruby/vendor_ruby/active_support/cache/strategy/local_cache_middleware.rb:28:in `call'
  rack (1.6.10) lib/rack/lock.rb:17:in `call'
  /usr/lib/ruby/vendor_ruby/action_dispatch/middleware/static.rb:120:in `call'
  rack (1.6.10) lib/rack/sendfile.rb:113:in `call'
  /usr/lib/ruby/vendor_ruby/rails/engine.rb:518:in `call'
  /usr/lib/ruby/vendor_ruby/rails/application.rb:165:in `call'
  rack (1.6.10) lib/rack/lock.rb:17:in `call'
  rack (1.6.10) lib/rack/content_length.rb:15:in `call'
  rack (1.6.10) lib/rack/handler/webrick.rb:88:in `service'
  /usr/lib/ruby/2.5.0/webrick/httpserver.rb:140:in `service'
  /usr/lib/ruby/2.5.0/webrick/httpserver.rb:96:in `run'
  /usr/lib/ruby/2.5.0/webrick/server.rb:307:in `block in start_thread'


  Rendered /usr/lib/ruby/vendor_ruby/action_dispatch/middleware/templates/rescues/_trace.html.erb (1.0ms)
  Rendered /usr/lib/ruby/vendor_ruby/action_dispatch/middleware/templates/routes/_route.html.erb (0.5ms)
  Rendered /usr/lib/ruby/vendor_ruby/action_dispatch/middleware/templates/routes/_table.html.erb (5.4ms)
  Rendered /usr/lib/ruby/vendor_ruby/action_dispatch/middleware/templates/rescues/_request_and_response.html.erb (0.9ms)
  Rendered /usr/lib/ruby/vendor_ruby/action_dispatch/middleware/templates/rescues/routing_error.html.erb within rescues/layout (21.4ms)
  Rendered /var/lib/gems/2.5.0/gems/web-console-2.3.0/lib/web_console/templates/_markup.html.erb (0.2ms)
  Rendered /var/lib/gems/2.5.0/gems/web-console-2.3.0/lib/web_console/templates/_inner_console_markup.html.erb within layouts/inlined_string (0.2ms)
  Rendered /var/lib/gems/2.5.0/gems/web-console-2.3.0/lib/web_console/templates/_prompt_box_markup.html.erb within layouts/inlined_string (0.2ms)
  Rendered /var/lib/gems/2.5.0/gems/web-console-2.3.0/lib/web_console/templates/style.css.erb within layouts/inlined_string (0.2ms)
  Rendered /var/lib/gems/2.5.0/gems/web-console-2.3.0/lib/web_console/templates/console.js.erb within layouts/javascript (17.5ms)
  Rendered /var/lib/gems/2.5.0/gems/web-console-2.3.0/lib/web_console/templates/main.js.erb within layouts/javascript (0.2ms)
  Rendered /var/lib/gems/2.5.0/gems/web-console-2.3.0/lib/web_console/templates/error_page.js.erb within layouts/javascript (0.3ms)
  Rendered /var/lib/gems/2.5.0/gems/web-console-2.3.0/lib/web_console/templates/index.html.erb (30.9ms)


Started GET "/welcome/index" for 127.0.0.1 at 2018-08-05 12:04:53 +0800
Processing by WelcomeController#index as HTML
  Rendered welcome/index.html.erb within layouts/application (0.0ms)
Completed 200 OK in 7ms (Views: 7.1ms | ActiveRecord: 0.0ms)


Started GET "/assets/welcome.self-e3b0c44298fc1c149afbf4c8996fb92427ae41e4649b934ca495991b7852b855.css?body=1" for 127.0.0.1 at 2018-08-05 12:04:53 +0800


Started GET "/assets/application.self-e80e8f2318043e8af94dddc2adad5a4f09739a8ebb323b3ab31cd71d45fd9113.css?body=1" for 127.0.0.1 at 2018-08-05 12:04:53 +0800


Started GET "/assets/jquery.self-bd7ddd393353a8d2480a622e80342adf488fb6006d667e8b42e4c0073393abee.js?body=1" for 127.0.0.1 at 2018-08-05 12:04:53 +0800


Started GET "/assets/welcome.self-877aef30ae1b040ab8a3aba4e3e309a11d7f2612f44dde450b5c157aa5f95c05.js?body=1" for 127.0.0.1 at 2018-08-05 12:04:53 +0800


Started GET "/assets/turbolinks.self-2db6ec539b9190f75e1d477b305df53d12904d5cafdd47c7ffd91ba25cbec128.js?body=1" for 127.0.0.1 at 2018-08-05 12:04:53 +0800


Started GET "/assets/jquery_ujs.self-784a997f6726036b1993eb2217c9cb558e1cbb801c6da88105588c56f13b466a.js?body=1" for 127.0.0.1 at 2018-08-05 12:04:53 +0800


Started GET "/assets/application.self-3b8dabdc891efe46b9a144b400ad69e37d7e5876bdc39dee783419a69d7ca819.js?body=1" for 127.0.0.1 at 2018-08-05 12:04:53 +0800
